<?xml version="1.0" encoding="UTF-8"?>
<!-- Generated by org.testng.reporters.JUnitXMLReporter -->
<testsuite ignored="1" hostname="DESKTOP-KE5AITE" failures="0" tests="2" name="Car Loan" time="0.009" errors="0" timestamp="2022-05-26T12:12:45 IST">
  <testcase classname="TestNGTutorials.day3" name="loginAPICarLoan" time="0.002"/>
  <testcase classname="TestNGTutorials.day3" name="webLoginCarLoan" time="0.001"/>
  <testcase classname="TestNGTutorials.day3" name="mobileLoginCarLoan" time="0.0">
    <ignored/>
  </testcase> <!-- mobileLoginCarLoan -->
</testsuite> <!-- Car Loan -->
