<?xml version="1.0" encoding="UTF-8"?>
<!-- Generated by org.testng.reporters.JUnitXMLReporter -->
<testsuite ignored="3" hostname="DESKTOP-KE5AITE" failures="0" tests="9" name="Personal Loan" time="0.112" errors="0" timestamp="2022-05-27T13:51:53 IST">
  <testcase classname="TestNGTutorials.day1" name="funDay" time="0.011"/>
  <testcase classname="TestNGTutorials.day1" name="method" time="0.004"/>
  <testcase classname="TestNGTutorials.day1" name="sunday" time="0.003"/>
  <testcase classname="TestNGTutorials.day2" name="funDay1" time="0.001"/>
  <testcase classname="TestNGTutorials.day2" name="method1" time="0.006"/>
  <testcase classname="TestNGTutorials.day4" name="mobileLoginHomeLoan" time="0.002"/>
  <testcase classname="TestNGTutorials.day4" name="webLoginHomeLoan" time="0.001"/>
  <testcase classname="TestNGTutorials.day3" name="loginAPICarLoan" time="0.001"/>
  <testcase classname="TestNGTutorials.day3" name="mobileLoginCarLoan" time="0.001"/>
  <testcase classname="TestNGTutorials.day3" name="webLoginCarLoan" time="0.0">
    <ignored/>
  </testcase> <!-- webLoginCarLoan -->
  <testcase classname="TestNGTutorials.day2" name="sunday1" time="0.0">
    <ignored/>
  </testcase> <!-- sunday1 -->
  <testcase classname="TestNGTutorials.day4" name="loginAPIHomeLoan" time="0.0">
    <ignored/>
  </testcase> <!-- loginAPIHomeLoan -->
</testsuite> <!-- Personal Loan -->
