<?xml version="1.0" encoding="UTF-8"?>
<testng-results ignored="3" total="12" passed="9" failed="0" skipped="0">
  <reporter-output>
  </reporter-output>
  <suite started-at="2022-05-27T13:51:53 IST" name="Loan Department" finished-at="2022-05-27T13:51:53 IST" duration-ms="112">
    <groups>
    </groups>
    <test started-at="2022-05-27T13:51:53 IST" name="Personal Loan" finished-at="2022-05-27T13:51:53 IST" duration-ms="112">
      <class name="TestNGTutorials.day4">
        <test-method signature="mobileLoginHomeLoan(java.lang.String)[pri:0, instance:TestNGTutorials.day4@6eda5c9]" started-at="2022-05-27T13:51:53 IST" name="mobileLoginHomeLoan" finished-at="2022-05-27T13:51:53 IST" duration-ms="2" status="PASS">
          <params>
            <param index="0">
              <value>
                <![CDATA[google.com]]>
              </value>
            </param>
          </params>
          <reporter-output>
          </reporter-output>
        </test-method> <!-- mobileLoginHomeLoan -->
        <test-method signature="webLoginHomeLoan(java.lang.String)[pri:0, instance:TestNGTutorials.day4@6eda5c9]" started-at="2022-05-27T13:51:53 IST" name="webLoginHomeLoan" finished-at="2022-05-27T13:51:53 IST" duration-ms="1" status="PASS">
          <params>
            <param index="0">
              <value>
                <![CDATA[google.com]]>
              </value>
            </param>
          </params>
          <reporter-output>
          </reporter-output>
        </test-method> <!-- webLoginHomeLoan -->
      </class> <!-- TestNGTutorials.day4 -->
      <class name="TestNGTutorials.day2">
        <test-method signature="funDay1()[pri:0, instance:TestNGTutorials.day2@20ce78ec]" started-at="2022-05-27T13:51:53 IST" name="funDay1" finished-at="2022-05-27T13:51:53 IST" duration-ms="1" status="PASS">
          <reporter-output>
          </reporter-output>
        </test-method> <!-- funDay1 -->
        <test-method signature="method1()[pri:0, instance:TestNGTutorials.day2@20ce78ec]" started-at="2022-05-27T13:51:53 IST" name="method1" finished-at="2022-05-27T13:51:53 IST" duration-ms="6" status="PASS">
          <reporter-output>
          </reporter-output>
        </test-method> <!-- method1 -->
      </class> <!-- TestNGTutorials.day2 -->
      <class name="TestNGTutorials.day3">
        <test-method is-config="true" signature="beforeClass()[pri:0, instance:TestNGTutorials.day3@44ebcd03]" started-at="2022-05-27T13:51:53 IST" name="beforeClass" finished-at="2022-05-27T13:51:53 IST" duration-ms="1" status="PASS">
          <reporter-output>
          </reporter-output>
        </test-method> <!-- beforeClass -->
        <test-method is-config="true" signature="beforeEvery()[pri:0, instance:TestNGTutorials.day3@44ebcd03]" started-at="2022-05-27T13:51:53 IST" name="beforeEvery" finished-at="2022-05-27T13:51:53 IST" duration-ms="0" status="PASS">
          <reporter-output>
          </reporter-output>
        </test-method> <!-- beforeEvery -->
        <test-method signature="loginAPICarLoan()[pri:0, instance:TestNGTutorials.day3@44ebcd03]" started-at="2022-05-27T13:51:53 IST" name="loginAPICarLoan" finished-at="2022-05-27T13:51:53 IST" duration-ms="1" status="PASS">
          <reporter-output>
          </reporter-output>
        </test-method> <!-- loginAPICarLoan -->
        <test-method is-config="true" signature="afterEvery()[pri:0, instance:TestNGTutorials.day3@44ebcd03]" started-at="2022-05-27T13:51:53 IST" name="afterEvery" finished-at="2022-05-27T13:51:53 IST" duration-ms="1" status="PASS">
          <reporter-output>
          </reporter-output>
        </test-method> <!-- afterEvery -->
        <test-method is-config="true" signature="beforeEvery()[pri:0, instance:TestNGTutorials.day3@44ebcd03]" started-at="2022-05-27T13:51:53 IST" name="beforeEvery" finished-at="2022-05-27T13:51:53 IST" duration-ms="5" status="PASS">
          <reporter-output>
          </reporter-output>
        </test-method> <!-- beforeEvery -->
        <test-method signature="mobileLoginCarLoan()[pri:0, instance:TestNGTutorials.day3@44ebcd03]" started-at="2022-05-27T13:51:53 IST" name="mobileLoginCarLoan" finished-at="2022-05-27T13:51:53 IST" duration-ms="1" status="PASS">
          <reporter-output>
          </reporter-output>
        </test-method> <!-- mobileLoginCarLoan -->
        <test-method is-config="true" signature="afterEvery()[pri:0, instance:TestNGTutorials.day3@44ebcd03]" started-at="2022-05-27T13:51:53 IST" name="afterEvery" finished-at="2022-05-27T13:51:53 IST" duration-ms="1" status="PASS">
          <reporter-output>
          </reporter-output>
        </test-method> <!-- afterEvery -->
        <test-method is-config="true" signature="afterClass()[pri:0, instance:TestNGTutorials.day3@44ebcd03]" started-at="2022-05-27T13:51:53 IST" name="afterClass" finished-at="2022-05-27T13:51:53 IST" duration-ms="0" status="PASS">
          <reporter-output>
          </reporter-output>
        </test-method> <!-- afterClass -->
      </class> <!-- TestNGTutorials.day3 -->
      <class name="TestNGTutorials.day1">
        <test-method signature="funDay()[pri:0, instance:TestNGTutorials.day1@c33b74f]" started-at="2022-05-27T13:51:53 IST" name="funDay" finished-at="2022-05-27T13:51:53 IST" duration-ms="11" status="PASS">
          <reporter-output>
          </reporter-output>
        </test-method> <!-- funDay -->
        <test-method signature="method()[pri:0, instance:TestNGTutorials.day1@c33b74f]" started-at="2022-05-27T13:51:53 IST" name="method" finished-at="2022-05-27T13:51:53 IST" duration-ms="4" status="PASS">
          <reporter-output>
          </reporter-output>
        </test-method> <!-- method -->
        <test-method signature="sunday()[pri:0, instance:TestNGTutorials.day1@c33b74f]" started-at="2022-05-27T13:51:53 IST" name="sunday" finished-at="2022-05-27T13:51:53 IST" duration-ms="3" status="PASS">
          <reporter-output>
          </reporter-output>
        </test-method> <!-- sunday -->
      </class> <!-- TestNGTutorials.day1 -->
    </test> <!-- Personal Loan -->
  </suite> <!-- Loan Department -->
</testng-results>
